2023-08-25 04:38:05,564 - root - INFO - Namespace(config='./config/GIL.yml', data='telecom_new', eval_neg_samples=1, gpu='0', model_name='Lorentz_no_edge', patience=15, rand_edge_features=0, rand_node_features=50, use_inductive=False)
2023-08-25 05:19:56,919 - root - INFO - 	train loss:1523728.1113  val ap:0.981281  val auc:0.979076
2023-08-25 05:19:56,919 - root - INFO - 	total time:2242.77s sample time:2.13s prep time:979.88s
2023-08-25 05:19:56,920 - root - INFO - model c: [Parameter containing:
tensor([1.], requires_grad=True), Parameter containing:
tensor([1.], requires_grad=True), Parameter containing:
tensor([1.], requires_grad=True)]
2023-08-25 06:01:17,935 - root - INFO - 	train loss:1336576.8310  val ap:0.984680  val auc:0.982961
2023-08-25 06:01:17,935 - root - INFO - 	total time:2231.32s sample time:2.08s prep time:981.58s
2023-08-25 06:01:17,936 - root - INFO - model c: [Parameter containing:
tensor([1.], requires_grad=True), Parameter containing:
tensor([1.], requires_grad=True), Parameter containing:
tensor([1.], requires_grad=True)]
2023-08-25 06:42:43,919 - root - INFO - 	train loss:1328971.5462  val ap:0.985203  val auc:0.983534
2023-08-25 06:42:43,920 - root - INFO - 	total time:2234.57s sample time:2.13s prep time:978.13s
2023-08-25 06:42:43,921 - root - INFO - model c: [Parameter containing:
tensor([1.], requires_grad=True), Parameter containing:
tensor([1.], requires_grad=True), Parameter containing:
tensor([1.], requires_grad=True)]
2023-08-25 07:24:14,026 - root - INFO - 	train loss:1328757.1570  val ap:0.984547  val auc:0.982795
2023-08-25 07:24:14,027 - root - INFO - 	total time:2237.64s sample time:2.19s prep time:975.81s
2023-08-25 07:24:14,029 - root - INFO - model c: [Parameter containing:
tensor([1.], requires_grad=True), Parameter containing:
tensor([1.], requires_grad=True), Parameter containing:
tensor([1.], requires_grad=True)]
2023-08-25 08:05:47,886 - root - INFO - 	train loss:1430249.6141  val ap:0.978135  val auc:0.975260
2023-08-25 08:05:47,886 - root - INFO - 	total time:2240.12s sample time:2.24s prep time:973.91s
2023-08-25 08:05:47,887 - root - INFO - model c: [Parameter containing:
tensor([1.], requires_grad=True), Parameter containing:
tensor([1.], requires_grad=True), Parameter containing:
tensor([1.], requires_grad=True)]
2023-08-25 08:47:18,952 - root - INFO - 	train loss:1342522.4025  val ap:0.983849  val auc:0.982126
2023-08-25 08:47:18,953 - root - INFO - 	total time:2239.53s sample time:2.22s prep time:973.91s
2023-08-25 08:47:18,954 - root - INFO - model c: [Parameter containing:
tensor([1.], requires_grad=True), Parameter containing:
tensor([1.], requires_grad=True), Parameter containing:
tensor([1.], requires_grad=True)]
2023-08-25 09:28:46,412 - root - INFO - 	train loss:1295605.9807  val ap:0.985708  val auc:0.984222
2023-08-25 09:28:46,412 - root - INFO - 	total time:2236.21s sample time:2.15s prep time:976.58s
2023-08-25 09:28:46,415 - root - INFO - model c: [Parameter containing:
tensor([1.], requires_grad=True), Parameter containing:
tensor([1.], requires_grad=True), Parameter containing:
tensor([1.], requires_grad=True)]
2023-08-25 10:10:12,882 - root - INFO - 	train loss:1384924.9882  val ap:0.981559  val auc:0.979498
2023-08-25 10:10:12,883 - root - INFO - 	total time:2235.28s sample time:2.16s prep time:977.40s
2023-08-25 10:10:12,884 - root - INFO - model c: [Parameter containing:
tensor([1.], requires_grad=True), Parameter containing:
tensor([1.], requires_grad=True), Parameter containing:
tensor([1.], requires_grad=True)]
2023-08-25 10:51:38,720 - root - INFO - 	train loss:1371466.8119  val ap:0.981972  val auc:0.979963
2023-08-25 10:51:38,721 - root - INFO - 	total time:2234.69s sample time:2.15s prep time:976.37s
2023-08-25 10:51:38,722 - root - INFO - model c: [Parameter containing:
tensor([1.], requires_grad=True), Parameter containing:
tensor([1.], requires_grad=True), Parameter containing:
tensor([1.], requires_grad=True)]
2023-08-25 11:33:03,918 - root - INFO - 	train loss:1299040.7786  val ap:0.986047  val auc:0.984555
2023-08-25 11:33:03,919 - root - INFO - 	total time:2234.47s sample time:2.13s prep time:976.67s
2023-08-25 11:33:03,921 - root - INFO - model c: [Parameter containing:
tensor([1.], requires_grad=True), Parameter containing:
tensor([1.], requires_grad=True), Parameter containing:
tensor([1.], requires_grad=True)]
2023-08-25 12:14:30,340 - root - INFO - 	train loss:1284921.1165  val ap:0.986312  val auc:0.984861
2023-08-25 12:14:30,341 - root - INFO - 	total time:2235.27s sample time:2.15s prep time:976.45s
2023-08-25 12:14:30,342 - root - INFO - model c: [Parameter containing:
tensor([1.], requires_grad=True), Parameter containing:
tensor([1.], requires_grad=True), Parameter containing:
tensor([1.], requires_grad=True)]
2023-08-25 12:55:55,845 - root - INFO - 	train loss:1316878.2729  val ap:0.985651  val auc:0.984137
2023-08-25 12:55:55,846 - root - INFO - 	total time:2235.15s sample time:2.14s prep time:975.82s
2023-08-25 12:55:55,847 - root - INFO - model c: [Parameter containing:
tensor([1.], requires_grad=True), Parameter containing:
tensor([1.], requires_grad=True), Parameter containing:
tensor([1.], requires_grad=True)]
2023-08-25 13:37:22,910 - root - INFO - 	train loss:1269949.6006  val ap:0.985634  val auc:0.984131
2023-08-25 13:37:22,911 - root - INFO - 	total time:2235.87s sample time:2.14s prep time:974.85s
2023-08-25 13:37:22,912 - root - INFO - model c: [Parameter containing:
tensor([1.], requires_grad=True), Parameter containing:
tensor([1.], requires_grad=True), Parameter containing:
tensor([1.], requires_grad=True)]
2023-08-25 14:18:55,707 - root - INFO - 	train loss:1264375.5549  val ap:0.986835  val auc:0.985470
2023-08-25 14:18:55,708 - root - INFO - 	total time:2238.33s sample time:2.21s prep time:974.54s
2023-08-25 14:18:55,710 - root - INFO - model c: [Parameter containing:
tensor([1.], requires_grad=True), Parameter containing:
tensor([1.], requires_grad=True), Parameter containing:
tensor([1.], requires_grad=True)]
2023-08-25 15:00:35,558 - root - INFO - 	train loss:1283338.3516  val ap:0.986402  val auc:0.984991
2023-08-25 15:00:35,559 - root - INFO - 	total time:2245.63s sample time:2.36s prep time:972.11s
2023-08-25 15:00:35,560 - root - INFO - model c: [Parameter containing:
tensor([1.], requires_grad=True), Parameter containing:
tensor([1.], requires_grad=True), Parameter containing:
tensor([1.], requires_grad=True)]
2023-08-25 15:42:14,703 - root - INFO - 	train loss:1257809.9776  val ap:0.986559  val auc:0.985153
2023-08-25 15:42:14,703 - root - INFO - 	total time:2245.12s sample time:2.37s prep time:972.05s
2023-08-25 15:42:14,704 - root - INFO - model c: [Parameter containing:
tensor([1.], requires_grad=True), Parameter containing:
tensor([1.], requires_grad=True), Parameter containing:
tensor([1.], requires_grad=True)]
2023-08-25 16:23:49,247 - root - INFO - 	train loss:1254719.6533  val ap:0.987014  val auc:0.985689
2023-08-25 16:23:49,248 - root - INFO - 	total time:2242.27s sample time:2.35s prep time:975.48s
2023-08-25 16:23:49,249 - root - INFO - model c: [Parameter containing:
tensor([1.], requires_grad=True), Parameter containing:
tensor([1.], requires_grad=True), Parameter containing:
tensor([1.], requires_grad=True)]
2023-08-25 17:05:24,866 - root - INFO - 	train loss:1252128.7917  val ap:0.987192  val auc:0.985877
2023-08-25 17:05:24,867 - root - INFO - 	total time:2243.16s sample time:2.37s prep time:976.46s
2023-08-25 17:05:24,870 - root - INFO - model c: [Parameter containing:
tensor([1.], requires_grad=True), Parameter containing:
tensor([1.], requires_grad=True), Parameter containing:
tensor([1.], requires_grad=True)]
2023-08-25 17:46:59,344 - root - INFO - 	train loss:1247427.1847  val ap:0.986837  val auc:0.985515
2023-08-25 17:46:59,344 - root - INFO - 	total time:2242.48s sample time:2.38s prep time:976.07s
2023-08-25 17:46:59,346 - root - INFO - model c: [Parameter containing:
tensor([1.], requires_grad=True), Parameter containing:
tensor([1.], requires_grad=True), Parameter containing:
tensor([1.], requires_grad=True)]
2023-08-25 18:28:33,890 - root - INFO - 	train loss:1249526.6432  val ap:0.987057  val auc:0.985747
2023-08-25 18:28:33,891 - root - INFO - 	total time:2242.43s sample time:2.37s prep time:975.56s
2023-08-25 18:28:33,892 - root - INFO - model c: [Parameter containing:
tensor([1.], requires_grad=True), Parameter containing:
tensor([1.], requires_grad=True), Parameter containing:
tensor([1.], requires_grad=True)]
2023-08-25 19:10:08,311 - root - INFO - 	train loss:1244352.6518  val ap:0.987273  val auc:0.985988
2023-08-25 19:10:08,312 - root - INFO - 	total time:2242.04s sample time:2.37s prep time:975.81s
2023-08-25 19:10:08,314 - root - INFO - model c: [Parameter containing:
tensor([1.], requires_grad=True), Parameter containing:
tensor([1.], requires_grad=True), Parameter containing:
tensor([1.], requires_grad=True)]
2023-08-25 19:51:41,852 - root - INFO - 	train loss:1239924.9739  val ap:0.987203  val auc:0.985902
2023-08-25 19:51:41,852 - root - INFO - 	total time:2241.32s sample time:2.36s prep time:977.52s
2023-08-25 19:51:41,853 - root - INFO - model c: [Parameter containing:
tensor([1.], requires_grad=True), Parameter containing:
tensor([1.], requires_grad=True), Parameter containing:
tensor([1.], requires_grad=True)]
2023-08-25 20:33:14,712 - root - INFO - 	train loss:1239556.0687  val ap:0.987437  val auc:0.986185
2023-08-25 20:33:14,713 - root - INFO - 	total time:2240.88s sample time:2.38s prep time:977.51s
2023-08-25 20:33:14,715 - root - INFO - model c: [Parameter containing:
tensor([1.], requires_grad=True), Parameter containing:
tensor([1.], requires_grad=True), Parameter containing:
tensor([1.], requires_grad=True)]
2023-08-25 21:14:37,248 - root - INFO - 	train loss:1236303.4498  val ap:0.987006  val auc:0.985691
2023-08-25 21:14:37,249 - root - INFO - 	total time:2232.94s sample time:2.17s prep time:981.26s
2023-08-25 21:14:37,250 - root - INFO - model c: [Parameter containing:
tensor([1.], requires_grad=True), Parameter containing:
tensor([1.], requires_grad=True), Parameter containing:
tensor([1.], requires_grad=True)]
2023-08-25 21:55:58,267 - root - INFO - 	train loss:1236188.2417  val ap:0.987266  val auc:0.985995
2023-08-25 21:55:58,268 - root - INFO - 	total time:2231.65s sample time:2.09s prep time:982.24s
2023-08-25 21:55:58,269 - root - INFO - model c: [Parameter containing:
tensor([1.], requires_grad=True), Parameter containing:
tensor([1.], requires_grad=True), Parameter containing:
tensor([1.], requires_grad=True)]
2023-08-25 22:37:18,875 - root - INFO - 	train loss:1233100.2240  val ap:0.987471  val auc:0.986221
2023-08-25 22:37:18,876 - root - INFO - 	total time:2231.16s sample time:2.10s prep time:982.77s
2023-08-25 22:37:18,878 - root - INFO - model c: [Parameter containing:
tensor([1.], requires_grad=True), Parameter containing:
tensor([1.], requires_grad=True), Parameter containing:
tensor([1.], requires_grad=True)]
2023-08-25 23:18:39,477 - root - INFO - 	train loss:1232381.6021  val ap:0.987686  val auc:0.986459
2023-08-25 23:18:39,478 - root - INFO - 	total time:2231.03s sample time:2.10s prep time:982.07s
2023-08-25 23:18:39,480 - root - INFO - model c: [Parameter containing:
tensor([1.], requires_grad=True), Parameter containing:
tensor([1.], requires_grad=True), Parameter containing:
tensor([1.], requires_grad=True)]
2023-08-25 23:59:59,045 - root - INFO - 	train loss:1229839.6736  val ap:0.987519  val auc:0.986265
2023-08-25 23:59:59,046 - root - INFO - 	total time:2230.48s sample time:2.09s prep time:981.88s
2023-08-25 23:59:59,047 - root - INFO - model c: [Parameter containing:
tensor([1.], requires_grad=True), Parameter containing:
tensor([1.], requires_grad=True), Parameter containing:
tensor([1.], requires_grad=True)]
2023-08-26 00:41:19,223 - root - INFO - 	train loss:1229962.4570  val ap:0.987771  val auc:0.986557
2023-08-26 00:41:19,224 - root - INFO - 	total time:2230.69s sample time:2.10s prep time:982.31s
2023-08-26 00:41:19,225 - root - INFO - model c: [Parameter containing:
tensor([1.], requires_grad=True), Parameter containing:
tensor([1.], requires_grad=True), Parameter containing:
tensor([1.], requires_grad=True)]
2023-08-26 01:22:39,493 - root - INFO - 	train loss:1229979.0715  val ap:0.987668  val auc:0.986438
2023-08-26 01:22:39,494 - root - INFO - 	total time:2230.94s sample time:2.10s prep time:982.35s
2023-08-26 01:22:39,495 - root - INFO - model c: [Parameter containing:
tensor([1.], requires_grad=True), Parameter containing:
tensor([1.], requires_grad=True), Parameter containing:
tensor([1.], requires_grad=True)]
2023-08-26 02:04:00,800 - root - INFO - 	train loss:1226812.5578  val ap:0.987638  val auc:0.986416
2023-08-26 02:04:00,800 - root - INFO - 	total time:2231.26s sample time:2.12s prep time:981.79s
2023-08-26 02:04:00,802 - root - INFO - model c: [Parameter containing:
tensor([1.], requires_grad=True), Parameter containing:
tensor([1.], requires_grad=True), Parameter containing:
tensor([1.], requires_grad=True)]
2023-08-26 02:45:21,114 - root - INFO - 	train loss:1225686.5289  val ap:0.987414  val auc:0.986144
2023-08-26 02:45:21,115 - root - INFO - 	total time:2231.15s sample time:2.13s prep time:981.13s
2023-08-26 02:45:21,116 - root - INFO - model c: [Parameter containing:
tensor([1.], requires_grad=True), Parameter containing:
tensor([1.], requires_grad=True), Parameter containing:
tensor([1.], requires_grad=True)]
2023-08-26 03:26:38,850 - root - INFO - 	train loss:1225148.0089  val ap:0.987621  val auc:0.986391
2023-08-26 03:26:38,850 - root - INFO - 	total time:2229.12s sample time:2.14s prep time:981.34s
2023-08-26 03:26:38,851 - root - INFO - model c: [Parameter containing:
tensor([1.], requires_grad=True), Parameter containing:
tensor([1.], requires_grad=True), Parameter containing:
tensor([1.], requires_grad=True)]
2023-08-26 04:07:59,035 - root - INFO - 	train loss:1224482.0827  val ap:0.987636  val auc:0.986408
2023-08-26 04:07:59,036 - root - INFO - 	total time:2230.31s sample time:2.13s prep time:980.45s
2023-08-26 04:07:59,037 - root - INFO - model c: [Parameter containing:
tensor([1.], requires_grad=True), Parameter containing:
tensor([1.], requires_grad=True), Parameter containing:
tensor([1.], requires_grad=True)]
2023-08-26 04:49:20,886 - root - INFO - 	train loss:1224085.8564  val ap:0.987744  val auc:0.986523
2023-08-26 04:49:20,887 - root - INFO - 	total time:2231.94s sample time:2.17s prep time:977.30s
2023-08-26 04:49:20,888 - root - INFO - model c: [Parameter containing:
tensor([1.], requires_grad=True), Parameter containing:
tensor([1.], requires_grad=True), Parameter containing:
tensor([1.], requires_grad=True)]
2023-08-26 05:30:40,133 - root - INFO - 	train loss:1222583.2240  val ap:0.987609  val auc:0.986372
2023-08-26 05:30:40,134 - root - INFO - 	total time:2229.94s sample time:2.14s prep time:978.12s
2023-08-26 05:30:40,135 - root - INFO - model c: [Parameter containing:
tensor([1.], requires_grad=True), Parameter containing:
tensor([1.], requires_grad=True), Parameter containing:
tensor([1.], requires_grad=True)]
2023-08-26 06:11:58,971 - root - INFO - 	train loss:1221981.1976  val ap:0.987530  val auc:0.986291
2023-08-26 06:11:58,972 - root - INFO - 	total time:2229.36s sample time:2.12s prep time:978.70s
2023-08-26 06:11:58,973 - root - INFO - model c: [Parameter containing:
tensor([1.], requires_grad=True), Parameter containing:
tensor([1.], requires_grad=True), Parameter containing:
tensor([1.], requires_grad=True)]
2023-08-26 06:53:18,531 - root - INFO - 	train loss:1220893.8444  val ap:0.987864  val auc:0.986659
2023-08-26 06:53:18,531 - root - INFO - 	total time:2229.80s sample time:2.12s prep time:977.37s
2023-08-26 06:53:18,533 - root - INFO - model c: [Parameter containing:
tensor([1.], requires_grad=True), Parameter containing:
tensor([1.], requires_grad=True), Parameter containing:
tensor([1.], requires_grad=True)]
2023-08-26 07:34:35,988 - root - INFO - 	train loss:1219293.9505  val ap:0.987807  val auc:0.986595
2023-08-26 07:34:35,988 - root - INFO - 	total time:2228.45s sample time:2.11s prep time:978.99s
2023-08-26 07:34:35,990 - root - INFO - model c: [Parameter containing:
tensor([1.], requires_grad=True), Parameter containing:
tensor([1.], requires_grad=True), Parameter containing:
tensor([1.], requires_grad=True)]
2023-08-26 08:15:52,789 - root - INFO - 	train loss:1219295.9194  val ap:0.987185  val auc:0.985908
2023-08-26 08:15:52,790 - root - INFO - 	total time:2228.36s sample time:2.13s prep time:981.44s
2023-08-26 08:15:52,791 - root - INFO - model c: [Parameter containing:
tensor([1.], requires_grad=True), Parameter containing:
tensor([1.], requires_grad=True), Parameter containing:
tensor([1.], requires_grad=True)]
2023-08-26 08:57:10,669 - root - INFO - 	train loss:1218237.4014  val ap:0.987776  val auc:0.986573
2023-08-26 08:57:10,669 - root - INFO - 	total time:2228.25s sample time:2.09s prep time:980.54s
2023-08-26 08:57:10,671 - root - INFO - model c: [Parameter containing:
tensor([1.], requires_grad=True), Parameter containing:
tensor([1.], requires_grad=True), Parameter containing:
tensor([1.], requires_grad=True)]
2023-08-26 09:38:30,410 - root - INFO - 	train loss:1217280.2683  val ap:0.987581  val auc:0.986345
2023-08-26 09:38:30,410 - root - INFO - 	total time:2230.36s sample time:2.14s prep time:978.63s
2023-08-26 09:38:30,411 - root - INFO - model c: [Parameter containing:
tensor([1.], requires_grad=True), Parameter containing:
tensor([1.], requires_grad=True), Parameter containing:
tensor([1.], requires_grad=True)]
2023-08-26 10:19:49,631 - root - INFO - 	train loss:1217655.1487  val ap:0.987600  val auc:0.986368
2023-08-26 10:19:49,631 - root - INFO - 	total time:2230.02s sample time:2.13s prep time:979.95s
2023-08-26 10:19:49,632 - root - INFO - model c: [Parameter containing:
tensor([1.], requires_grad=True), Parameter containing:
tensor([1.], requires_grad=True), Parameter containing:
tensor([1.], requires_grad=True)]
2023-08-26 11:01:13,505 - root - INFO - 	train loss:1217061.7104  val ap:0.987723  val auc:0.986503
2023-08-26 11:01:13,505 - root - INFO - 	total time:2231.51s sample time:2.16s prep time:979.69s
2023-08-26 11:01:13,507 - root - INFO - model c: [Parameter containing:
tensor([1.], requires_grad=True), Parameter containing:
tensor([1.], requires_grad=True), Parameter containing:
tensor([1.], requires_grad=True)]
2023-08-26 11:42:47,843 - root - INFO - 	train loss:1215309.9056  val ap:0.987830  val auc:0.986645
2023-08-26 11:42:47,844 - root - INFO - 	total time:2237.82s sample time:2.25s prep time:980.55s
2023-08-26 11:42:47,845 - root - INFO - model c: [Parameter containing:
tensor([1.], requires_grad=True), Parameter containing:
tensor([1.], requires_grad=True), Parameter containing:
tensor([1.], requires_grad=True)]
2023-08-26 12:24:38,589 - root - INFO - 	train loss:1214746.6618  val ap:0.987917  val auc:0.986727
2023-08-26 12:24:38,590 - root - INFO - 	total time:2253.79s sample time:2.39s prep time:975.27s
2023-08-26 12:24:38,592 - root - INFO - model c: [Parameter containing:
tensor([1.], requires_grad=True), Parameter containing:
tensor([1.], requires_grad=True), Parameter containing:
tensor([1.], requires_grad=True)]
2023-08-26 13:06:02,357 - root - INFO - 	train loss:1215243.5269  val ap:0.987813  val auc:0.986600
2023-08-26 13:06:02,358 - root - INFO - 	total time:2233.96s sample time:2.23s prep time:980.70s
2023-08-26 13:06:02,359 - root - INFO - model c: [Parameter containing:
tensor([1.], requires_grad=True), Parameter containing:
tensor([1.], requires_grad=True), Parameter containing:
tensor([1.], requires_grad=True)]
2023-08-26 13:47:20,861 - root - INFO - 	train loss:1214623.0188  val ap:0.987825  val auc:0.986609
2023-08-26 13:47:20,862 - root - INFO - 	total time:2229.51s sample time:2.15s prep time:981.49s
2023-08-26 13:47:20,863 - root - INFO - model c: [Parameter containing:
tensor([1.], requires_grad=True), Parameter containing:
tensor([1.], requires_grad=True), Parameter containing:
tensor([1.], requires_grad=True)]
2023-08-26 14:28:41,241 - root - INFO - 	train loss:1212371.1830  val ap:0.987481  val auc:0.986235
2023-08-26 14:28:41,241 - root - INFO - 	total time:2230.98s sample time:2.12s prep time:978.52s
2023-08-26 14:28:41,242 - root - INFO - model c: [Parameter containing:
tensor([1.], requires_grad=True), Parameter containing:
tensor([1.], requires_grad=True), Parameter containing:
tensor([1.], requires_grad=True)]
2023-08-26 15:09:59,890 - root - INFO - 	train loss:1212912.4628  val ap:0.987836  val auc:0.986634
2023-08-26 15:09:59,891 - root - INFO - 	total time:2229.78s sample time:2.13s prep time:979.35s
2023-08-26 15:09:59,892 - root - INFO - model c: [Parameter containing:
tensor([1.], requires_grad=True), Parameter containing:
tensor([1.], requires_grad=True), Parameter containing:
tensor([1.], requires_grad=True)]
2023-08-26 15:51:23,107 - root - INFO - 	train loss:1213620.1436  val ap:0.987908  val auc:0.986706
2023-08-26 15:51:23,108 - root - INFO - 	total time:2232.80s sample time:2.21s prep time:976.98s
2023-08-26 15:51:23,109 - root - INFO - model c: [Parameter containing:
tensor([1.], requires_grad=True), Parameter containing:
tensor([1.], requires_grad=True), Parameter containing:
tensor([1.], requires_grad=True)]
2023-08-26 16:32:46,480 - root - INFO - 	train loss:1212121.5951  val ap:0.987926  val auc:0.986745
2023-08-26 16:32:46,481 - root - INFO - 	total time:2232.67s sample time:2.24s prep time:974.84s
2023-08-26 16:32:46,483 - root - INFO - model c: [Parameter containing:
tensor([1.], requires_grad=True), Parameter containing:
tensor([1.], requires_grad=True), Parameter containing:
tensor([1.], requires_grad=True)]
2023-08-26 17:14:10,227 - root - INFO - 	train loss:1212082.8191  val ap:0.987750  val auc:0.986527
2023-08-26 17:14:10,228 - root - INFO - 	total time:2233.30s sample time:2.25s prep time:975.51s
2023-08-26 17:14:10,229 - root - INFO - model c: [Parameter containing:
tensor([1.], requires_grad=True), Parameter containing:
tensor([1.], requires_grad=True), Parameter containing:
tensor([1.], requires_grad=True)]
2023-08-26 17:55:36,237 - root - INFO - 	train loss:1210847.5961  val ap:0.987901  val auc:0.986702
2023-08-26 17:55:36,238 - root - INFO - 	total time:2233.85s sample time:2.26s prep time:974.58s
2023-08-26 17:55:36,239 - root - INFO - model c: [Parameter containing:
tensor([1.], requires_grad=True), Parameter containing:
tensor([1.], requires_grad=True), Parameter containing:
tensor([1.], requires_grad=True)]
2023-08-26 18:36:59,223 - root - INFO - 	train loss:1210950.3630  val ap:0.987894  val auc:0.986682
2023-08-26 18:36:59,224 - root - INFO - 	total time:2232.70s sample time:2.23s prep time:974.44s
2023-08-26 18:36:59,225 - root - INFO - model c: [Parameter containing:
tensor([1.], requires_grad=True), Parameter containing:
tensor([1.], requires_grad=True), Parameter containing:
tensor([1.], requires_grad=True)]
2023-08-26 19:18:21,778 - root - INFO - 	train loss:1210647.3767  val ap:0.987961  val auc:0.986775
2023-08-26 19:18:21,778 - root - INFO - 	total time:2232.15s sample time:2.22s prep time:975.27s
2023-08-26 19:18:21,780 - root - INFO - model c: [Parameter containing:
tensor([1.], requires_grad=True), Parameter containing:
tensor([1.], requires_grad=True), Parameter containing:
tensor([1.], requires_grad=True)]
2023-08-26 19:59:44,305 - root - INFO - 	train loss:1209459.8482  val ap:0.987892  val auc:0.986707
2023-08-26 19:59:44,306 - root - INFO - 	total time:2232.21s sample time:2.23s prep time:976.50s
2023-08-26 19:59:44,307 - root - INFO - model c: [Parameter containing:
tensor([1.], requires_grad=True), Parameter containing:
tensor([1.], requires_grad=True), Parameter containing:
tensor([1.], requires_grad=True)]
2023-08-26 20:41:06,629 - root - INFO - 	train loss:1208964.8302  val ap:0.987966  val auc:0.986780
2023-08-26 20:41:06,629 - root - INFO - 	total time:2231.96s sample time:2.22s prep time:976.75s
2023-08-26 20:41:06,631 - root - INFO - model c: [Parameter containing:
tensor([1.], requires_grad=True), Parameter containing:
tensor([1.], requires_grad=True), Parameter containing:
tensor([1.], requires_grad=True)]
2023-08-26 21:22:28,258 - root - INFO - 	train loss:1210504.0123  val ap:0.987966  val auc:0.986785
2023-08-26 21:22:28,259 - root - INFO - 	total time:2231.34s sample time:2.22s prep time:976.44s
2023-08-26 21:22:28,260 - root - INFO - model c: [Parameter containing:
tensor([1.], requires_grad=True), Parameter containing:
tensor([1.], requires_grad=True), Parameter containing:
tensor([1.], requires_grad=True)]
2023-08-26 22:03:50,200 - root - INFO - 	train loss:1207824.2941  val ap:0.987846  val auc:0.986638
2023-08-26 22:03:50,200 - root - INFO - 	total time:2231.76s sample time:2.23s prep time:976.35s
2023-08-26 22:03:50,201 - root - INFO - model c: [Parameter containing:
tensor([1.], requires_grad=True), Parameter containing:
tensor([1.], requires_grad=True), Parameter containing:
tensor([1.], requires_grad=True)]
2023-08-26 22:45:12,517 - root - INFO - 	train loss:1207312.4986  val ap:0.987838  val auc:0.986631
2023-08-26 22:45:12,517 - root - INFO - 	total time:2232.14s sample time:2.21s prep time:976.60s
2023-08-26 22:45:12,518 - root - INFO - model c: [Parameter containing:
tensor([1.], requires_grad=True), Parameter containing:
tensor([1.], requires_grad=True), Parameter containing:
tensor([1.], requires_grad=True)]
2023-08-26 23:26:34,176 - root - INFO - 	train loss:1207086.6107  val ap:0.987865  val auc:0.986653
2023-08-26 23:26:34,177 - root - INFO - 	total time:2231.32s sample time:2.22s prep time:977.08s
2023-08-26 23:26:34,178 - root - INFO - model c: [Parameter containing:
tensor([1.], requires_grad=True), Parameter containing:
tensor([1.], requires_grad=True), Parameter containing:
tensor([1.], requires_grad=True)]
2023-08-27 00:07:56,845 - root - INFO - 	train loss:1206998.5204  val ap:0.987999  val auc:0.986801
2023-08-27 00:07:56,845 - root - INFO - 	total time:2232.11s sample time:2.21s prep time:977.44s
2023-08-27 00:07:56,848 - root - INFO - model c: [Parameter containing:
tensor([1.], requires_grad=True), Parameter containing:
tensor([1.], requires_grad=True), Parameter containing:
tensor([1.], requires_grad=True)]
2023-08-27 00:49:19,103 - root - INFO - 	train loss:1205858.9210  val ap:0.987836  val auc:0.986619
2023-08-27 00:49:19,104 - root - INFO - 	total time:2231.96s sample time:2.22s prep time:976.49s
2023-08-27 00:49:19,105 - root - INFO - model c: [Parameter containing:
tensor([1.], requires_grad=True), Parameter containing:
tensor([1.], requires_grad=True), Parameter containing:
tensor([1.], requires_grad=True)]
2023-08-27 01:30:41,155 - root - INFO - 	train loss:1205723.8092  val ap:0.988013  val auc:0.986846
2023-08-27 01:30:41,155 - root - INFO - 	total time:2231.69s sample time:2.20s prep time:976.60s
2023-08-27 01:30:41,157 - root - INFO - model c: [Parameter containing:
tensor([1.], requires_grad=True), Parameter containing:
tensor([1.], requires_grad=True), Parameter containing:
tensor([1.], requires_grad=True)]
2023-08-27 02:12:00,966 - root - INFO - 	train loss:1206310.6490  val ap:0.987860  val auc:0.986658
2023-08-27 02:12:00,966 - root - INFO - 	total time:2230.67s sample time:2.18s prep time:977.28s
2023-08-27 02:12:00,968 - root - INFO - model c: [Parameter containing:
tensor([1.], requires_grad=True), Parameter containing:
tensor([1.], requires_grad=True), Parameter containing:
tensor([1.], requires_grad=True)]
2023-08-27 02:53:18,585 - root - INFO - 	train loss:1204579.5122  val ap:0.987991  val auc:0.986811
2023-08-27 02:53:18,585 - root - INFO - 	total time:2228.18s sample time:2.10s prep time:979.70s
2023-08-27 02:53:18,587 - root - INFO - model c: [Parameter containing:
tensor([1.], requires_grad=True), Parameter containing:
tensor([1.], requires_grad=True), Parameter containing:
tensor([1.], requires_grad=True)]
2023-08-27 03:34:40,261 - root - INFO - 	train loss:1211852.7572  val ap:0.987939  val auc:0.986759
2023-08-27 03:34:40,261 - root - INFO - 	total time:2231.09s sample time:2.18s prep time:977.35s
2023-08-27 03:34:40,262 - root - INFO - model c: [Parameter containing:
tensor([1.], requires_grad=True), Parameter containing:
tensor([1.], requires_grad=True), Parameter containing:
tensor([1.], requires_grad=True)]
2023-08-27 04:16:00,128 - root - INFO - 	train loss:1205640.1808  val ap:0.987042  val auc:0.985718
2023-08-27 04:16:00,128 - root - INFO - 	total time:2230.53s sample time:2.14s prep time:976.79s
2023-08-27 04:16:00,129 - root - INFO - model c: [Parameter containing:
tensor([1.], requires_grad=True), Parameter containing:
tensor([1.], requires_grad=True), Parameter containing:
tensor([1.], requires_grad=True)]
2023-08-27 04:57:17,453 - root - INFO - 	train loss:1205192.4271  val ap:0.987576  val auc:0.986319
2023-08-27 04:57:17,453 - root - INFO - 	total time:2227.59s sample time:2.07s prep time:978.60s
2023-08-27 04:57:17,454 - root - INFO - model c: [Parameter containing:
tensor([1.], requires_grad=True), Parameter containing:
tensor([1.], requires_grad=True), Parameter containing:
tensor([1.], requires_grad=True)]
2023-08-27 05:38:36,722 - root - INFO - 	train loss:1204347.1835  val ap:0.987950  val auc:0.986753
2023-08-27 05:38:36,723 - root - INFO - 	total time:2228.13s sample time:2.08s prep time:978.15s
2023-08-27 05:38:36,724 - root - INFO - model c: [Parameter containing:
tensor([1.], requires_grad=True), Parameter containing:
tensor([1.], requires_grad=True), Parameter containing:
tensor([1.], requires_grad=True)]
2023-08-27 06:19:59,242 - root - INFO - 	train loss:1204676.5542  val ap:0.987971  val auc:0.986779
2023-08-27 06:19:59,242 - root - INFO - 	total time:2230.46s sample time:2.36s prep time:968.12s
2023-08-27 06:19:59,244 - root - INFO - model c: [Parameter containing:
tensor([1.], requires_grad=True), Parameter containing:
tensor([1.], requires_grad=True), Parameter containing:
tensor([1.], requires_grad=True)]
2023-08-27 07:01:21,468 - root - INFO - 	train loss:1202900.8420  val ap:0.987879  val auc:0.986669
2023-08-27 07:01:21,469 - root - INFO - 	total time:2229.09s sample time:2.42s prep time:965.75s
2023-08-27 07:01:21,470 - root - INFO - model c: [Parameter containing:
tensor([1.], requires_grad=True), Parameter containing:
tensor([1.], requires_grad=True), Parameter containing:
tensor([1.], requires_grad=True)]
2023-08-27 07:42:44,080 - root - INFO - 	train loss:1202883.8672  val ap:0.987592  val auc:0.986371
2023-08-27 07:42:44,081 - root - INFO - 	total time:2229.74s sample time:2.39s prep time:965.88s
2023-08-27 07:42:44,083 - root - INFO - model c: [Parameter containing:
tensor([1.], requires_grad=True), Parameter containing:
tensor([1.], requires_grad=True), Parameter containing:
tensor([1.], requires_grad=True)]
2023-08-27 08:24:07,005 - root - INFO - 	train loss:1203476.9184  val ap:0.987955  val auc:0.986768
2023-08-27 08:24:07,006 - root - INFO - 	total time:2229.45s sample time:2.38s prep time:965.76s
2023-08-27 08:24:07,007 - root - INFO - model c: [Parameter containing:
tensor([1.], requires_grad=True), Parameter containing:
tensor([1.], requires_grad=True), Parameter containing:
tensor([1.], requires_grad=True)]
2023-08-27 09:05:32,499 - root - INFO - 	train loss:1202850.0057  val ap:0.987970  val auc:0.986783
2023-08-27 09:05:32,499 - root - INFO - 	total time:2231.00s sample time:2.43s prep time:966.31s
2023-08-27 09:05:32,500 - root - INFO - model c: [Parameter containing:
tensor([1.], requires_grad=True), Parameter containing:
tensor([1.], requires_grad=True), Parameter containing:
tensor([1.], requires_grad=True)]
2023-08-27 09:47:19,582 - root - INFO - 	train loss:1201461.5568  val ap:0.987883  val auc:0.986668
2023-08-27 09:47:19,582 - root - INFO - 	total time:2251.12s sample time:2.41s prep time:976.81s
2023-08-27 09:47:19,583 - root - INFO - model c: [Parameter containing:
tensor([1.], requires_grad=True), Parameter containing:
tensor([1.], requires_grad=True), Parameter containing:
tensor([1.], requires_grad=True)]
2023-08-27 10:29:06,402 - root - INFO - 	train loss:1201880.2136  val ap:0.988003  val auc:0.986821
2023-08-27 10:29:06,402 - root - INFO - 	total time:2250.27s sample time:2.40s prep time:977.18s
2023-08-27 10:29:06,404 - root - INFO - model c: [Parameter containing:
tensor([1.], requires_grad=True), Parameter containing:
tensor([1.], requires_grad=True), Parameter containing:
tensor([1.], requires_grad=True)]
2023-08-27 11:10:47,901 - root - INFO - 	train loss:1201373.8217  val ap:0.987969  val auc:0.986786
2023-08-27 11:10:47,901 - root - INFO - 	total time:2246.54s sample time:2.35s prep time:980.36s
2023-08-27 11:10:47,903 - root - INFO - model c: [Parameter containing:
tensor([1.], requires_grad=True), Parameter containing:
tensor([1.], requires_grad=True), Parameter containing:
tensor([1.], requires_grad=True)]
2023-08-27 11:52:31,654 - root - INFO - 	train loss:1201242.0162  val ap:0.987975  val auc:0.986786
2023-08-27 11:52:31,654 - root - INFO - 	total time:2248.83s sample time:2.39s prep time:975.68s
2023-08-27 11:52:31,655 - root - INFO - model c: [Parameter containing:
tensor([1.], requires_grad=True), Parameter containing:
tensor([1.], requires_grad=True), Parameter containing:
tensor([1.], requires_grad=True)]
2023-08-27 12:34:15,141 - root - INFO - 	train loss:1201971.2875  val ap:0.987937  val auc:0.986744
2023-08-27 12:34:15,142 - root - INFO - 	total time:2248.47s sample time:2.40s prep time:974.99s
2023-08-27 12:34:15,143 - root - INFO - model c: [Parameter containing:
tensor([1.], requires_grad=True), Parameter containing:
tensor([1.], requires_grad=True), Parameter containing:
tensor([1.], requires_grad=True)]
2023-08-27 12:34:15,143 - root - INFO - No improve over 15 epochs, stop training
2023-08-27 12:34:15,143 - root - INFO - Loading model at epoch 64...
2023-08-27 12:38:39,033 - root - INFO - 	test AP:0.991616  test AUC:0.991073
